C:\USERS\SUUSER\DOCUMENTS\VISUAL STUDIO 2012\PROJECTS\HOMEWORK 5 - CS 204\HOMEWORK 5 - CS 204\DEBUG\INCEOGLUBERKIN_HW5.OBJ
C:\USERS\SUUSER\DOCUMENTS\VISUAL STUDIO 2012\PROJECTS\HOMEWORK 5 - CS 204\HOMEWORK 5 - CS 204\DEBUG\QUEUE.OBJ
C:\USERS\SUUSER\DOCUMENTS\VISUAL STUDIO 2012\PROJECTS\HOMEWORK 5 - CS 204\HOMEWORK 5 - CS 204\DEBUG\RANDGEN.OBJ
C:\USERS\SUUSER\DOCUMENTS\VISUAL STUDIO 2012\PROJECTS\HOMEWORK 5 - CS 204\HOMEWORK 5 - CS 204\DEBUG\VC110.PDB
C:\USERS\SUUSER\DOCUMENTS\VISUAL STUDIO 2012\PROJECTS\HOMEWORK 5 - CS 204\DEBUG\HOMEWORK 5 - CS 204.ILK
C:\USERS\SUUSER\DOCUMENTS\VISUAL STUDIO 2012\PROJECTS\HOMEWORK 5 - CS 204\DEBUG\HOMEWORK 5 - CS 204.EXE
C:\USERS\SUUSER\DOCUMENTS\VISUAL STUDIO 2012\PROJECTS\HOMEWORK 5 - CS 204\DEBUG\HOMEWORK 5 - CS 204.PDB
C:\Users\suuser\documents\visual studio 2012\Projects\Homework 5 - CS 204\Homework 5 - CS 204\Debug\Queue.obj
C:\Users\suuser\documents\visual studio 2012\Projects\Homework 5 - CS 204\Homework 5 - CS 204\Debug\randgen.obj
C:\Users\suuser\documents\visual studio 2012\Projects\Homework 5 - CS 204\Homework 5 - CS 204\Debug\cl.command.1.tlog
C:\Users\suuser\documents\visual studio 2012\Projects\Homework 5 - CS 204\Homework 5 - CS 204\Debug\CL.read.1.tlog
C:\Users\suuser\documents\visual studio 2012\Projects\Homework 5 - CS 204\Homework 5 - CS 204\Debug\CL.write.1.tlog
C:\Users\suuser\documents\visual studio 2012\Projects\Homework 5 - CS 204\Homework 5 - CS 204\Debug\link-cvtres.read.1.tlog
C:\Users\suuser\documents\visual studio 2012\Projects\Homework 5 - CS 204\Homework 5 - CS 204\Debug\link-cvtres.write.1.tlog
C:\Users\suuser\documents\visual studio 2012\Projects\Homework 5 - CS 204\Homework 5 - CS 204\Debug\link-rc.read.1.tlog
C:\Users\suuser\documents\visual studio 2012\Projects\Homework 5 - CS 204\Homework 5 - CS 204\Debug\link-rc.write.1.tlog
C:\Users\suuser\documents\visual studio 2012\Projects\Homework 5 - CS 204\Homework 5 - CS 204\Debug\link.1016-cvtres.read.1.tlog
C:\Users\suuser\documents\visual studio 2012\Projects\Homework 5 - CS 204\Homework 5 - CS 204\Debug\link.1016-cvtres.write.1.tlog
C:\Users\suuser\documents\visual studio 2012\Projects\Homework 5 - CS 204\Homework 5 - CS 204\Debug\link.1016-rc.read.1.tlog
C:\Users\suuser\documents\visual studio 2012\Projects\Homework 5 - CS 204\Homework 5 - CS 204\Debug\link.1016-rc.write.1.tlog
C:\Users\suuser\documents\visual studio 2012\Projects\Homework 5 - CS 204\Homework 5 - CS 204\Debug\link.1016.read.1.tlog
C:\Users\suuser\documents\visual studio 2012\Projects\Homework 5 - CS 204\Homework 5 - CS 204\Debug\link.1016.write.1.tlog
C:\Users\suuser\documents\visual studio 2012\Projects\Homework 5 - CS 204\Homework 5 - CS 204\Debug\link.1120-cvtres.read.1.tlog
C:\Users\suuser\documents\visual studio 2012\Projects\Homework 5 - CS 204\Homework 5 - CS 204\Debug\link.1120-cvtres.write.1.tlog
C:\Users\suuser\documents\visual studio 2012\Projects\Homework 5 - CS 204\Homework 5 - CS 204\Debug\link.1120-rc.read.1.tlog
C:\Users\suuser\documents\visual studio 2012\Projects\Homework 5 - CS 204\Homework 5 - CS 204\Debug\link.1120-rc.write.1.tlog
C:\Users\suuser\documents\visual studio 2012\Projects\Homework 5 - CS 204\Homework 5 - CS 204\Debug\link.1120.read.1.tlog
C:\Users\suuser\documents\visual studio 2012\Projects\Homework 5 - CS 204\Homework 5 - CS 204\Debug\link.1120.write.1.tlog
C:\Users\suuser\documents\visual studio 2012\Projects\Homework 5 - CS 204\Homework 5 - CS 204\Debug\link.1404-cvtres.read.1.tlog
C:\Users\suuser\documents\visual studio 2012\Projects\Homework 5 - CS 204\Homework 5 - CS 204\Debug\link.1404-cvtres.write.1.tlog
C:\Users\suuser\documents\visual studio 2012\Projects\Homework 5 - CS 204\Homework 5 - CS 204\Debug\link.1404-rc.read.1.tlog
C:\Users\suuser\documents\visual studio 2012\Projects\Homework 5 - CS 204\Homework 5 - CS 204\Debug\link.1404-rc.write.1.tlog
C:\Users\suuser\documents\visual studio 2012\Projects\Homework 5 - CS 204\Homework 5 - CS 204\Debug\link.1404.read.1.tlog
C:\Users\suuser\documents\visual studio 2012\Projects\Homework 5 - CS 204\Homework 5 - CS 204\Debug\link.1404.write.1.tlog
C:\Users\suuser\documents\visual studio 2012\Projects\Homework 5 - CS 204\Homework 5 - CS 204\Debug\link.1500-cvtres.read.1.tlog
C:\Users\suuser\documents\visual studio 2012\Projects\Homework 5 - CS 204\Homework 5 - CS 204\Debug\link.1500-cvtres.write.1.tlog
C:\Users\suuser\documents\visual studio 2012\Projects\Homework 5 - CS 204\Homework 5 - CS 204\Debug\link.1500-rc.read.1.tlog
C:\Users\suuser\documents\visual studio 2012\Projects\Homework 5 - CS 204\Homework 5 - CS 204\Debug\link.1500-rc.write.1.tlog
C:\Users\suuser\documents\visual studio 2012\Projects\Homework 5 - CS 204\Homework 5 - CS 204\Debug\link.1500.read.1.tlog
C:\Users\suuser\documents\visual studio 2012\Projects\Homework 5 - CS 204\Homework 5 - CS 204\Debug\link.1500.write.1.tlog
C:\Users\suuser\documents\visual studio 2012\Projects\Homework 5 - CS 204\Homework 5 - CS 204\Debug\link.1580-cvtres.read.1.tlog
C:\Users\suuser\documents\visual studio 2012\Projects\Homework 5 - CS 204\Homework 5 - CS 204\Debug\link.1580-cvtres.write.1.tlog
C:\Users\suuser\documents\visual studio 2012\Projects\Homework 5 - CS 204\Homework 5 - CS 204\Debug\link.1580-rc.read.1.tlog
C:\Users\suuser\documents\visual studio 2012\Projects\Homework 5 - CS 204\Homework 5 - CS 204\Debug\link.1580-rc.write.1.tlog
C:\Users\suuser\documents\visual studio 2012\Projects\Homework 5 - CS 204\Homework 5 - CS 204\Debug\link.1580.read.1.tlog
C:\Users\suuser\documents\visual studio 2012\Projects\Homework 5 - CS 204\Homework 5 - CS 204\Debug\link.1580.write.1.tlog
C:\Users\suuser\documents\visual studio 2012\Projects\Homework 5 - CS 204\Homework 5 - CS 204\Debug\link.1800-cvtres.read.1.tlog
C:\Users\suuser\documents\visual studio 2012\Projects\Homework 5 - CS 204\Homework 5 - CS 204\Debug\link.1800-cvtres.write.1.tlog
C:\Users\suuser\documents\visual studio 2012\Projects\Homework 5 - CS 204\Homework 5 - CS 204\Debug\link.1800-rc.read.1.tlog
C:\Users\suuser\documents\visual studio 2012\Projects\Homework 5 - CS 204\Homework 5 - CS 204\Debug\link.1800-rc.write.1.tlog
C:\Users\suuser\documents\visual studio 2012\Projects\Homework 5 - CS 204\Homework 5 - CS 204\Debug\link.1800.read.1.tlog
C:\Users\suuser\documents\visual studio 2012\Projects\Homework 5 - CS 204\Homework 5 - CS 204\Debug\link.1800.write.1.tlog
C:\Users\suuser\documents\visual studio 2012\Projects\Homework 5 - CS 204\Homework 5 - CS 204\Debug\link.2020-cvtres.read.1.tlog
C:\Users\suuser\documents\visual studio 2012\Projects\Homework 5 - CS 204\Homework 5 - CS 204\Debug\link.2020-cvtres.write.1.tlog
C:\Users\suuser\documents\visual studio 2012\Projects\Homework 5 - CS 204\Homework 5 - CS 204\Debug\link.2020-rc.read.1.tlog
C:\Users\suuser\documents\visual studio 2012\Projects\Homework 5 - CS 204\Homework 5 - CS 204\Debug\link.2020-rc.write.1.tlog
C:\Users\suuser\documents\visual studio 2012\Projects\Homework 5 - CS 204\Homework 5 - CS 204\Debug\link.2020.read.1.tlog
C:\Users\suuser\documents\visual studio 2012\Projects\Homework 5 - CS 204\Homework 5 - CS 204\Debug\link.2020.write.1.tlog
C:\Users\suuser\documents\visual studio 2012\Projects\Homework 5 - CS 204\Homework 5 - CS 204\Debug\link.2112-cvtres.read.1.tlog
C:\Users\suuser\documents\visual studio 2012\Projects\Homework 5 - CS 204\Homework 5 - CS 204\Debug\link.2112-cvtres.write.1.tlog
C:\Users\suuser\documents\visual studio 2012\Projects\Homework 5 - CS 204\Homework 5 - CS 204\Debug\link.2112-rc.read.1.tlog
C:\Users\suuser\documents\visual studio 2012\Projects\Homework 5 - CS 204\Homework 5 - CS 204\Debug\link.2112-rc.write.1.tlog
C:\Users\suuser\documents\visual studio 2012\Projects\Homework 5 - CS 204\Homework 5 - CS 204\Debug\link.2112.read.1.tlog
C:\Users\suuser\documents\visual studio 2012\Projects\Homework 5 - CS 204\Homework 5 - CS 204\Debug\link.2112.write.1.tlog
C:\Users\suuser\documents\visual studio 2012\Projects\Homework 5 - CS 204\Homework 5 - CS 204\Debug\link.2836-cvtres.read.1.tlog
C:\Users\suuser\documents\visual studio 2012\Projects\Homework 5 - CS 204\Homework 5 - CS 204\Debug\link.2836-cvtres.write.1.tlog
C:\Users\suuser\documents\visual studio 2012\Projects\Homework 5 - CS 204\Homework 5 - CS 204\Debug\link.2836-rc.read.1.tlog
C:\Users\suuser\documents\visual studio 2012\Projects\Homework 5 - CS 204\Homework 5 - CS 204\Debug\link.2836-rc.write.1.tlog
C:\Users\suuser\documents\visual studio 2012\Projects\Homework 5 - CS 204\Homework 5 - CS 204\Debug\link.2836.read.1.tlog
C:\Users\suuser\documents\visual studio 2012\Projects\Homework 5 - CS 204\Homework 5 - CS 204\Debug\link.2836.write.1.tlog
C:\Users\suuser\documents\visual studio 2012\Projects\Homework 5 - CS 204\Homework 5 - CS 204\Debug\link.2860-cvtres.read.1.tlog
C:\Users\suuser\documents\visual studio 2012\Projects\Homework 5 - CS 204\Homework 5 - CS 204\Debug\link.2860-cvtres.write.1.tlog
C:\Users\suuser\documents\visual studio 2012\Projects\Homework 5 - CS 204\Homework 5 - CS 204\Debug\link.2860-rc.read.1.tlog
C:\Users\suuser\documents\visual studio 2012\Projects\Homework 5 - CS 204\Homework 5 - CS 204\Debug\link.2860-rc.write.1.tlog
C:\Users\suuser\documents\visual studio 2012\Projects\Homework 5 - CS 204\Homework 5 - CS 204\Debug\link.2860.read.1.tlog
C:\Users\suuser\documents\visual studio 2012\Projects\Homework 5 - CS 204\Homework 5 - CS 204\Debug\link.2860.write.1.tlog
C:\Users\suuser\documents\visual studio 2012\Projects\Homework 5 - CS 204\Homework 5 - CS 204\Debug\link.2868-cvtres.read.1.tlog
C:\Users\suuser\documents\visual studio 2012\Projects\Homework 5 - CS 204\Homework 5 - CS 204\Debug\link.2868-cvtres.write.1.tlog
C:\Users\suuser\documents\visual studio 2012\Projects\Homework 5 - CS 204\Homework 5 - CS 204\Debug\link.2868-rc.read.1.tlog
C:\Users\suuser\documents\visual studio 2012\Projects\Homework 5 - CS 204\Homework 5 - CS 204\Debug\link.2868-rc.write.1.tlog
C:\Users\suuser\documents\visual studio 2012\Projects\Homework 5 - CS 204\Homework 5 - CS 204\Debug\link.2868.read.1.tlog
C:\Users\suuser\documents\visual studio 2012\Projects\Homework 5 - CS 204\Homework 5 - CS 204\Debug\link.2868.write.1.tlog
C:\Users\suuser\documents\visual studio 2012\Projects\Homework 5 - CS 204\Homework 5 - CS 204\Debug\link.3144-cvtres.read.1.tlog
C:\Users\suuser\documents\visual studio 2012\Projects\Homework 5 - CS 204\Homework 5 - CS 204\Debug\link.3144-cvtres.write.1.tlog
C:\Users\suuser\documents\visual studio 2012\Projects\Homework 5 - CS 204\Homework 5 - CS 204\Debug\link.3144-rc.read.1.tlog
C:\Users\suuser\documents\visual studio 2012\Projects\Homework 5 - CS 204\Homework 5 - CS 204\Debug\link.3144-rc.write.1.tlog
C:\Users\suuser\documents\visual studio 2012\Projects\Homework 5 - CS 204\Homework 5 - CS 204\Debug\link.3144.read.1.tlog
C:\Users\suuser\documents\visual studio 2012\Projects\Homework 5 - CS 204\Homework 5 - CS 204\Debug\link.3144.write.1.tlog
C:\Users\suuser\documents\visual studio 2012\Projects\Homework 5 - CS 204\Homework 5 - CS 204\Debug\link.3344-cvtres.read.1.tlog
C:\Users\suuser\documents\visual studio 2012\Projects\Homework 5 - CS 204\Homework 5 - CS 204\Debug\link.3344-cvtres.write.1.tlog
C:\Users\suuser\documents\visual studio 2012\Projects\Homework 5 - CS 204\Homework 5 - CS 204\Debug\link.3344-rc.read.1.tlog
C:\Users\suuser\documents\visual studio 2012\Projects\Homework 5 - CS 204\Homework 5 - CS 204\Debug\link.3344-rc.write.1.tlog
C:\Users\suuser\documents\visual studio 2012\Projects\Homework 5 - CS 204\Homework 5 - CS 204\Debug\link.3344.read.1.tlog
C:\Users\suuser\documents\visual studio 2012\Projects\Homework 5 - CS 204\Homework 5 - CS 204\Debug\link.3344.write.1.tlog
C:\Users\suuser\documents\visual studio 2012\Projects\Homework 5 - CS 204\Homework 5 - CS 204\Debug\link.3416-cvtres.read.1.tlog
C:\Users\suuser\documents\visual studio 2012\Projects\Homework 5 - CS 204\Homework 5 - CS 204\Debug\link.3416-cvtres.write.1.tlog
C:\Users\suuser\documents\visual studio 2012\Projects\Homework 5 - CS 204\Homework 5 - CS 204\Debug\link.3416-rc.read.1.tlog
C:\Users\suuser\documents\visual studio 2012\Projects\Homework 5 - CS 204\Homework 5 - CS 204\Debug\link.3416-rc.write.1.tlog
C:\Users\suuser\documents\visual studio 2012\Projects\Homework 5 - CS 204\Homework 5 - CS 204\Debug\link.3416.read.1.tlog
C:\Users\suuser\documents\visual studio 2012\Projects\Homework 5 - CS 204\Homework 5 - CS 204\Debug\link.3416.write.1.tlog
C:\Users\suuser\documents\visual studio 2012\Projects\Homework 5 - CS 204\Homework 5 - CS 204\Debug\link.3672-cvtres.read.1.tlog
C:\Users\suuser\documents\visual studio 2012\Projects\Homework 5 - CS 204\Homework 5 - CS 204\Debug\link.3672-cvtres.write.1.tlog
C:\Users\suuser\documents\visual studio 2012\Projects\Homework 5 - CS 204\Homework 5 - CS 204\Debug\link.3672-rc.read.1.tlog
C:\Users\suuser\documents\visual studio 2012\Projects\Homework 5 - CS 204\Homework 5 - CS 204\Debug\link.3672-rc.write.1.tlog
C:\Users\suuser\documents\visual studio 2012\Projects\Homework 5 - CS 204\Homework 5 - CS 204\Debug\link.3672.read.1.tlog
C:\Users\suuser\documents\visual studio 2012\Projects\Homework 5 - CS 204\Homework 5 - CS 204\Debug\link.3672.write.1.tlog
C:\Users\suuser\documents\visual studio 2012\Projects\Homework 5 - CS 204\Homework 5 - CS 204\Debug\link.3704-cvtres.read.1.tlog
C:\Users\suuser\documents\visual studio 2012\Projects\Homework 5 - CS 204\Homework 5 - CS 204\Debug\link.3704-cvtres.write.1.tlog
C:\Users\suuser\documents\visual studio 2012\Projects\Homework 5 - CS 204\Homework 5 - CS 204\Debug\link.3704-rc.read.1.tlog
C:\Users\suuser\documents\visual studio 2012\Projects\Homework 5 - CS 204\Homework 5 - CS 204\Debug\link.3704-rc.write.1.tlog
C:\Users\suuser\documents\visual studio 2012\Projects\Homework 5 - CS 204\Homework 5 - CS 204\Debug\link.3704.read.1.tlog
C:\Users\suuser\documents\visual studio 2012\Projects\Homework 5 - CS 204\Homework 5 - CS 204\Debug\link.3704.write.1.tlog
C:\Users\suuser\documents\visual studio 2012\Projects\Homework 5 - CS 204\Homework 5 - CS 204\Debug\link.3716-cvtres.read.1.tlog
C:\Users\suuser\documents\visual studio 2012\Projects\Homework 5 - CS 204\Homework 5 - CS 204\Debug\link.3716-cvtres.write.1.tlog
C:\Users\suuser\documents\visual studio 2012\Projects\Homework 5 - CS 204\Homework 5 - CS 204\Debug\link.3716-rc.read.1.tlog
C:\Users\suuser\documents\visual studio 2012\Projects\Homework 5 - CS 204\Homework 5 - CS 204\Debug\link.3716-rc.write.1.tlog
C:\Users\suuser\documents\visual studio 2012\Projects\Homework 5 - CS 204\Homework 5 - CS 204\Debug\link.3716.read.1.tlog
C:\Users\suuser\documents\visual studio 2012\Projects\Homework 5 - CS 204\Homework 5 - CS 204\Debug\link.3716.write.1.tlog
C:\Users\suuser\documents\visual studio 2012\Projects\Homework 5 - CS 204\Homework 5 - CS 204\Debug\link.3740-cvtres.read.1.tlog
C:\Users\suuser\documents\visual studio 2012\Projects\Homework 5 - CS 204\Homework 5 - CS 204\Debug\link.3740-cvtres.write.1.tlog
C:\Users\suuser\documents\visual studio 2012\Projects\Homework 5 - CS 204\Homework 5 - CS 204\Debug\link.3740-rc.read.1.tlog
C:\Users\suuser\documents\visual studio 2012\Projects\Homework 5 - CS 204\Homework 5 - CS 204\Debug\link.3740-rc.write.1.tlog
C:\Users\suuser\documents\visual studio 2012\Projects\Homework 5 - CS 204\Homework 5 - CS 204\Debug\link.3740.read.1.tlog
C:\Users\suuser\documents\visual studio 2012\Projects\Homework 5 - CS 204\Homework 5 - CS 204\Debug\link.3740.write.1.tlog
C:\Users\suuser\documents\visual studio 2012\Projects\Homework 5 - CS 204\Homework 5 - CS 204\Debug\link.3768-cvtres.read.1.tlog
C:\Users\suuser\documents\visual studio 2012\Projects\Homework 5 - CS 204\Homework 5 - CS 204\Debug\link.3768-cvtres.write.1.tlog
C:\Users\suuser\documents\visual studio 2012\Projects\Homework 5 - CS 204\Homework 5 - CS 204\Debug\link.3768-rc.read.1.tlog
C:\Users\suuser\documents\visual studio 2012\Projects\Homework 5 - CS 204\Homework 5 - CS 204\Debug\link.3768-rc.write.1.tlog
C:\Users\suuser\documents\visual studio 2012\Projects\Homework 5 - CS 204\Homework 5 - CS 204\Debug\link.3768.read.1.tlog
C:\Users\suuser\documents\visual studio 2012\Projects\Homework 5 - CS 204\Homework 5 - CS 204\Debug\link.3768.write.1.tlog
C:\Users\suuser\documents\visual studio 2012\Projects\Homework 5 - CS 204\Homework 5 - CS 204\Debug\link.4004-cvtres.read.1.tlog
C:\Users\suuser\documents\visual studio 2012\Projects\Homework 5 - CS 204\Homework 5 - CS 204\Debug\link.4004-cvtres.write.1.tlog
C:\Users\suuser\documents\visual studio 2012\Projects\Homework 5 - CS 204\Homework 5 - CS 204\Debug\link.4004-rc.read.1.tlog
C:\Users\suuser\documents\visual studio 2012\Projects\Homework 5 - CS 204\Homework 5 - CS 204\Debug\link.4004-rc.write.1.tlog
C:\Users\suuser\documents\visual studio 2012\Projects\Homework 5 - CS 204\Homework 5 - CS 204\Debug\link.4004.read.1.tlog
C:\Users\suuser\documents\visual studio 2012\Projects\Homework 5 - CS 204\Homework 5 - CS 204\Debug\link.4004.write.1.tlog
C:\Users\suuser\documents\visual studio 2012\Projects\Homework 5 - CS 204\Homework 5 - CS 204\Debug\link.464-cvtres.read.1.tlog
C:\Users\suuser\documents\visual studio 2012\Projects\Homework 5 - CS 204\Homework 5 - CS 204\Debug\link.464-cvtres.write.1.tlog
C:\Users\suuser\documents\visual studio 2012\Projects\Homework 5 - CS 204\Homework 5 - CS 204\Debug\link.464-rc.read.1.tlog
C:\Users\suuser\documents\visual studio 2012\Projects\Homework 5 - CS 204\Homework 5 - CS 204\Debug\link.464-rc.write.1.tlog
C:\Users\suuser\documents\visual studio 2012\Projects\Homework 5 - CS 204\Homework 5 - CS 204\Debug\link.464.read.1.tlog
C:\Users\suuser\documents\visual studio 2012\Projects\Homework 5 - CS 204\Homework 5 - CS 204\Debug\link.464.write.1.tlog
C:\Users\suuser\documents\visual studio 2012\Projects\Homework 5 - CS 204\Homework 5 - CS 204\Debug\link.632-cvtres.read.1.tlog
C:\Users\suuser\documents\visual studio 2012\Projects\Homework 5 - CS 204\Homework 5 - CS 204\Debug\link.632-cvtres.write.1.tlog
C:\Users\suuser\documents\visual studio 2012\Projects\Homework 5 - CS 204\Homework 5 - CS 204\Debug\link.632-rc.read.1.tlog
C:\Users\suuser\documents\visual studio 2012\Projects\Homework 5 - CS 204\Homework 5 - CS 204\Debug\link.632-rc.write.1.tlog
C:\Users\suuser\documents\visual studio 2012\Projects\Homework 5 - CS 204\Homework 5 - CS 204\Debug\link.632.read.1.tlog
C:\Users\suuser\documents\visual studio 2012\Projects\Homework 5 - CS 204\Homework 5 - CS 204\Debug\link.632.write.1.tlog
C:\Users\suuser\documents\visual studio 2012\Projects\Homework 5 - CS 204\Homework 5 - CS 204\Debug\link.700-cvtres.read.1.tlog
C:\Users\suuser\documents\visual studio 2012\Projects\Homework 5 - CS 204\Homework 5 - CS 204\Debug\link.700-cvtres.write.1.tlog
C:\Users\suuser\documents\visual studio 2012\Projects\Homework 5 - CS 204\Homework 5 - CS 204\Debug\link.700-rc.read.1.tlog
C:\Users\suuser\documents\visual studio 2012\Projects\Homework 5 - CS 204\Homework 5 - CS 204\Debug\link.700-rc.write.1.tlog
C:\Users\suuser\documents\visual studio 2012\Projects\Homework 5 - CS 204\Homework 5 - CS 204\Debug\link.700.read.1.tlog
C:\Users\suuser\documents\visual studio 2012\Projects\Homework 5 - CS 204\Homework 5 - CS 204\Debug\link.700.write.1.tlog
C:\Users\suuser\documents\visual studio 2012\Projects\Homework 5 - CS 204\Homework 5 - CS 204\Debug\link.848-cvtres.read.1.tlog
C:\Users\suuser\documents\visual studio 2012\Projects\Homework 5 - CS 204\Homework 5 - CS 204\Debug\link.848-cvtres.write.1.tlog
C:\Users\suuser\documents\visual studio 2012\Projects\Homework 5 - CS 204\Homework 5 - CS 204\Debug\link.848-rc.read.1.tlog
C:\Users\suuser\documents\visual studio 2012\Projects\Homework 5 - CS 204\Homework 5 - CS 204\Debug\link.848-rc.write.1.tlog
C:\Users\suuser\documents\visual studio 2012\Projects\Homework 5 - CS 204\Homework 5 - CS 204\Debug\link.848.read.1.tlog
C:\Users\suuser\documents\visual studio 2012\Projects\Homework 5 - CS 204\Homework 5 - CS 204\Debug\link.848.write.1.tlog
C:\Users\suuser\documents\visual studio 2012\Projects\Homework 5 - CS 204\Homework 5 - CS 204\Debug\link.876-cvtres.read.1.tlog
C:\Users\suuser\documents\visual studio 2012\Projects\Homework 5 - CS 204\Homework 5 - CS 204\Debug\link.876-cvtres.write.1.tlog
C:\Users\suuser\documents\visual studio 2012\Projects\Homework 5 - CS 204\Homework 5 - CS 204\Debug\link.876-rc.read.1.tlog
C:\Users\suuser\documents\visual studio 2012\Projects\Homework 5 - CS 204\Homework 5 - CS 204\Debug\link.876-rc.write.1.tlog
C:\Users\suuser\documents\visual studio 2012\Projects\Homework 5 - CS 204\Homework 5 - CS 204\Debug\link.876.read.1.tlog
C:\Users\suuser\documents\visual studio 2012\Projects\Homework 5 - CS 204\Homework 5 - CS 204\Debug\link.876.write.1.tlog
C:\Users\suuser\documents\visual studio 2012\Projects\Homework 5 - CS 204\Homework 5 - CS 204\Debug\link.896-cvtres.read.1.tlog
C:\Users\suuser\documents\visual studio 2012\Projects\Homework 5 - CS 204\Homework 5 - CS 204\Debug\link.896-cvtres.write.1.tlog
C:\Users\suuser\documents\visual studio 2012\Projects\Homework 5 - CS 204\Homework 5 - CS 204\Debug\link.896-rc.read.1.tlog
C:\Users\suuser\documents\visual studio 2012\Projects\Homework 5 - CS 204\Homework 5 - CS 204\Debug\link.896-rc.write.1.tlog
C:\Users\suuser\documents\visual studio 2012\Projects\Homework 5 - CS 204\Homework 5 - CS 204\Debug\link.896.read.1.tlog
C:\Users\suuser\documents\visual studio 2012\Projects\Homework 5 - CS 204\Homework 5 - CS 204\Debug\link.896.write.1.tlog
C:\Users\suuser\documents\visual studio 2012\Projects\Homework 5 - CS 204\Homework 5 - CS 204\Debug\link.936-cvtres.read.1.tlog
C:\Users\suuser\documents\visual studio 2012\Projects\Homework 5 - CS 204\Homework 5 - CS 204\Debug\link.936-cvtres.write.1.tlog
C:\Users\suuser\documents\visual studio 2012\Projects\Homework 5 - CS 204\Homework 5 - CS 204\Debug\link.936-rc.read.1.tlog
C:\Users\suuser\documents\visual studio 2012\Projects\Homework 5 - CS 204\Homework 5 - CS 204\Debug\link.936-rc.write.1.tlog
C:\Users\suuser\documents\visual studio 2012\Projects\Homework 5 - CS 204\Homework 5 - CS 204\Debug\link.936.read.1.tlog
C:\Users\suuser\documents\visual studio 2012\Projects\Homework 5 - CS 204\Homework 5 - CS 204\Debug\link.936.write.1.tlog
C:\Users\suuser\documents\visual studio 2012\Projects\Homework 5 - CS 204\Homework 5 - CS 204\Debug\link.command.1.tlog
C:\Users\suuser\documents\visual studio 2012\Projects\Homework 5 - CS 204\Homework 5 - CS 204\Debug\link.read.1.tlog
C:\Users\suuser\documents\visual studio 2012\Projects\Homework 5 - CS 204\Homework 5 - CS 204\Debug\link.write.1.tlog
C:\Users\suuser\documents\visual studio 2012\Projects\Homework 5 - CS 204\Homework 5 - CS 204\Debug\vc110.idb
C:\Users\suuser\documents\visual studio 2012\Projects\Homework 5 - CS 204\Homework 5 - CS 204\Debug\vc110.pdb
C:\Users\suuser\documents\visual studio 2012\Projects\Homework 5 - CS 204\Debug\Homework 5 - CS 204.pdb
C:\Users\suuser\documents\visual studio 2012\Projects\Homework 5 - CS 204\Debug\Homework 5 - CS 204.exe
C:\Users\suuser\documents\visual studio 2012\Projects\Homework 5 - CS 204\Debug\Homework 5 - CS 204.ilk
